2026-04-05T04:17:32Z canary=health-demo status=502 latency=0.045527
2026-04-05T04:17:32Z canary=promo-demo status=502 latency=0.040679
2026-04-05T04:17:33Z canary=checkout-demo status=502 latency=0.037453
2026-04-05T04:17:33Z canary=dashboard-demo status=502 latency=0.039888
2026-04-05T04:17:33Z canary=support-demo status=502 latency=0.031542
2026-04-05T13:41:07Z canary=health-demo status=502 latency=0.042215
2026-04-05T13:41:07Z canary=promo-demo status=502 latency=0.024917
2026-04-05T13:41:07Z canary=checkout-demo status=502 latency=0.035078
2026-04-05T13:41:07Z canary=dashboard-demo status=502 latency=0.024295
2026-04-05T13:43:10Z canary=health-demo status=502 latency=0.009617
2026-04-05T13:43:11Z canary=promo-demo status=502 latency=0.009974
2026-04-05T13:43:11Z canary=checkout-demo status=502 latency=0.010190
2026-04-05T13:43:11Z canary=dashboard-demo status=502 latency=0.010212
2026-04-05T13:43:11Z canary=support-demo status=502 latency=0.010376
2026-04-05T13:44:17Z canary=health-demo status=502 latency=6.146789
2026-04-05T13:44:17Z canary=promo-demo status=502 latency=0.009504
2026-04-05T13:44:17Z canary=checkout-demo status=502 latency=0.020179
2026-04-05T13:44:17Z canary=dashboard-demo status=502 latency=0.009996
2026-04-05T13:44:17Z canary=support-demo status=502 latency=0.011182
2026-04-05T13:45:18Z canary=health-demo status=502 latency=0.017053
2026-04-05T13:45:18Z canary=promo-demo status=502 latency=0.011761
2026-04-05T13:45:18Z canary=checkout-demo status=502 latency=0.013228
2026-04-05T13:45:18Z canary=dashboard-demo status=502 latency=0.015727
2026-04-05T13:45:18Z canary=support-demo status=502 latency=0.011421
2026-04-05T13:46:18Z canary=health-demo status=502 latency=0.011954
2026-04-05T13:46:18Z canary=promo-demo status=502 latency=0.016383
2026-04-05T13:46:18Z canary=checkout-demo status=502 latency=0.010109
2026-04-05T13:46:18Z canary=dashboard-demo status=502 latency=0.010952
2026-04-05T13:46:18Z canary=support-demo status=502 latency=0.011897
2026-04-05T13:47:19Z canary=health-demo status=502 latency=0.025784
2026-04-05T13:47:19Z canary=promo-demo status=502 latency=0.011805
2026-04-05T13:47:19Z canary=checkout-demo status=502 latency=0.009399
2026-04-05T13:47:19Z canary=dashboard-demo status=502 latency=0.012149
2026-04-05T13:47:19Z canary=support-demo status=502 latency=0.019399
